<?xml version="1.0" encoding="UTF-8"?>
<testsuite name="TestSuite" time="89.824" tests="17" errors="0" skipped="0" failures="0">
  <properties>
    <property name="java.runtime.name" value="OpenJDK Runtime Environment"/>
    <property name="java.vm.version" value="13.0.2+8"/>
    <property name="sun.boot.library.path" value="/usr/local/Cellar/openjdk/13.0.2+8_2/libexec/openjdk.jdk/Contents/Home/lib"/>
    <property name="maven.multiModuleProjectDirectory" value="/Users/b0218788/git/PageObjectModel"/>
    <property name="java.vm.vendor" value="Oracle Corporation"/>
    <property name="java.vendor.url" value="https://openjdk.java.net/"/>
    <property name="guice.disable.misplaced.annotation.check" value="true"/>
    <property name="path.separator" value=":"/>
    <property name="java.vm.name" value="OpenJDK 64-Bit Server VM"/>
    <property name="user.country" value="IN"/>
    <property name="sun.java.launcher" value="SUN_STANDARD"/>
    <property name="java.vm.specification.name" value="Java Virtual Machine Specification"/>
    <property name="user.dir" value="/Users/b0218788/git/PageObjectModel"/>
    <property name="java.vm.compressedOopsMode" value="Zero based"/>
    <property name="java.runtime.version" value="13.0.2+8"/>
    <property name="os.arch" value="x86_64"/>
    <property name="java.io.tmpdir" value="/var/folders/3l/v7n_257x1lj6jz41ln8sj_mw0000gp/T/"/>
    <property name="line.separator" value="&#10;"/>
    <property name="java.vm.specification.vendor" value="Oracle Corporation"/>
    <property name="os.name" value="Mac OS X"/>
    <property name="classworlds.conf" value="/usr/local/Cellar/maven/3.6.3_1/libexec/bin/m2.conf"/>
    <property name="sun.jnu.encoding" value="UTF-8"/>
    <property name="java.library.path" value="/Users/b0218788/Library/Java/Extensions:/Library/Java/Extensions:/Network/Library/Java/Extensions:/System/Library/Java/Extensions:/usr/lib/java:."/>
    <property name="maven.conf" value="/usr/local/Cellar/maven/3.6.3_1/libexec/conf"/>
    <property name="jdk.debug" value="release"/>
    <property name="java.class.version" value="57.0"/>
    <property name="java.specification.name" value="Java Platform API Specification"/>
    <property name="sun.management.compiler" value="HotSpot 64-Bit Tiered Compilers"/>
    <property name="os.version" value="10.15.2"/>
    <property name="library.jansi.path" value="/usr/local/Cellar/maven/3.6.3_1/libexec/lib/jansi-native"/>
    <property name="http.nonProxyHosts" value="local|*.local|169.254/16|*.169.254/16"/>
    <property name="user.home" value="/Users/b0218788"/>
    <property name="user.timezone" value="Asia/Kolkata"/>
    <property name="file.encoding" value="UTF-8"/>
    <property name="java.specification.version" value="13"/>
    <property name="user.name" value="b0218788"/>
    <property name="java.class.path" value="/usr/local/Cellar/maven/3.6.3_1/libexec/boot/plexus-classworlds-2.6.0.jar"/>
    <property name="java.vm.specification.version" value="13"/>
    <property name="sun.arch.data.model" value="64"/>
    <property name="sun.java.command" value="org.codehaus.plexus.classworlds.launcher.Launcher clean test"/>
    <property name="java.home" value="/usr/local/Cellar/openjdk/13.0.2+8_2/libexec/openjdk.jdk/Contents/Home"/>
    <property name="user.language" value="en"/>
    <property name="java.specification.vendor" value="Oracle Corporation"/>
    <property name="java.vm.info" value="mixed mode, sharing"/>
    <property name="java.version" value="13.0.2"/>
    <property name="java.vendor" value="N/A"/>
    <property name="maven.home" value="/usr/local/Cellar/maven/3.6.3_1/libexec"/>
    <property name="file.separator" value="/"/>
    <property name="java.version.date" value="2020-01-14"/>
    <property name="java.vendor.url.bug" value="https://bugreport.java.com/bugreport/"/>
    <property name="sun.io.unicode.encoding" value="UnicodeBig"/>
    <property name="sun.cpu.endian" value="little"/>
    <property name="socksNonProxyHosts" value="local|*.local|169.254/16|*.169.254/16"/>
    <property name="ftp.nonProxyHosts" value="local|*.local|169.254/16|*.169.254/16"/>
  </properties>
  <testcase name="openLoginPageTest" classname="com.ct.qa.testcases.LoginPageTest" time="1.585"/>
  <testcase name="loginPageTitleTest" classname="com.ct.qa.testcases.LoginPageTest" time="0.945"/>
  <testcase name="loginTest" classname="com.ct.qa.testcases.LoginPageTest" time="0.853"/>
  <testcase name="doFromAndToInputTest" classname="com.ct.qa.testcases.OneWaySearchTest" time="17.997"/>
  <testcase name="doDateSelectionTest" classname="com.ct.qa.testcases.OneWaySearchTest" time="0.885"/>
  <testcase name="doPassangerInputTest" classname="com.ct.qa.testcases.OneWaySearchTest" time="0.225"/>
  <testcase name="searchFlightTest" classname="com.ct.qa.testcases.OneWaySearchTest" time="0.137"/>
  <testcase name="isListingPageLoaded" classname="com.ct.qa.testcases.OneWaySearchTest" time="20.669"/>
  <testcase name="openLoginPageTest" classname="com.ct.qa.testcases.OneWaySearchTestForLoginUser" time="0.241"/>
  <testcase name="loginPageTitleTest" classname="com.ct.qa.testcases.OneWaySearchTestForLoginUser" time="1.159"/>
  <testcase name="loginTest" classname="com.ct.qa.testcases.OneWaySearchTestForLoginUser" time="0.321"/>
  <testcase name="isUserLogin" classname="com.ct.qa.testcases.OneWaySearchTestForLoginUser" time="9.263"/>
  <testcase name="doFromAndToInputTest" classname="com.ct.qa.testcases.OneWaySearchTestForLoginUser" time="6.144"/>
  <testcase name="doDateSelectionTest" classname="com.ct.qa.testcases.OneWaySearchTestForLoginUser" time="0.816"/>
  <testcase name="doPassangerInputTest" classname="com.ct.qa.testcases.OneWaySearchTestForLoginUser" time="0.23"/>
  <testcase name="searchFlightTest" classname="com.ct.qa.testcases.OneWaySearchTestForLoginUser" time="5.16"/>
  <testcase name="isListingPageLoaded" classname="com.ct.qa.testcases.OneWaySearchTestForLoginUser" time="23.194"/>
</testsuite>