<?xml version="1.0" encoding="UTF-8"?>
<!-- Generated by org.testng.reporters.JUnitReportReporter -->
<testsuite hostname="LTB0218788-Mac-ad22" failures="0" tests="9" name="com.ct.qa.testcases.OneWaySearchTestForLoginUser" time="46.526" errors="0" timestamp="20 Jun 2020 15:55:39 GMT" skipped="0">
  <testcase classname="com.ct.qa.testcases.OneWaySearchTestForLoginUser" name="openLoginPageTest" time="0.241"/>
  <testcase classname="com.ct.qa.testcases.OneWaySearchTestForLoginUser" name="loginPageTitleTest" time="1.158"/>
  <testcase classname="com.ct.qa.testcases.OneWaySearchTestForLoginUser" name="loginTest" time="0.321"/>
  <testcase classname="com.ct.qa.testcases.OneWaySearchTestForLoginUser" name="isUserLogin" time="9.263"/>
  <testcase classname="com.ct.qa.testcases.OneWaySearchTestForLoginUser" name="doFromAndToInputTest" time="6.143"/>
  <testcase classname="com.ct.qa.testcases.OneWaySearchTestForLoginUser" name="doDateSelectionTest" time="0.815"/>
  <testcase classname="com.ct.qa.testcases.OneWaySearchTestForLoginUser" name="doPassangerInputTest" time="0.230"/>
  <testcase classname="com.ct.qa.testcases.OneWaySearchTestForLoginUser" name="searchFlightTest" time="5.160"/>
  <testcase classname="com.ct.qa.testcases.OneWaySearchTestForLoginUser" name="isListingPageLoaded" time="23.195"/>
</testsuite> <!-- com.ct.qa.testcases.OneWaySearchTestForLoginUser -->
